Arguments: 
  C:\Program Files\nodejs\node.exe C:\Users\Wodin\AppData\Roaming\npm\node_modules\yarn\bin\yarn.js add -D @babel/core @babel/cli @babel/preset-env @babe/preset-react

PATH: 
  C:\Python27\;C:\Python27\Scripts;C:\ProgramData\Boxstarter;C:\Program Files\Oculus\Support\oculus-runtime;C:\WINDOWS\system32;C:\WINDOWS;C:\WINDOWS\System32\Wbem;C:\WINDOWS\System32\WindowsPowerShell\v1.0\;C:\Program Files (x86)\GtkSharp\2.12\bin;C:\WINDOWS\system32;C:\WINDOWS;C:\WINDOWS\System32\Wbem;C:\WINDOWS\System32\WindowsPowerShell\v1.0\;C:\Program Files\Git\cmd;C:\WINDOWS\System32\OpenSSH\;C:\Program Files\PuTTY\;C:\Program Files\nodejs\;C:\ProgramData\chocolatey\bin;C:\Users\Wodin\scoop\shims;C:\Program Files (x86)\GnuWin32\bin;C:\Ruby24-x64\bin;C:\Users\Wodin\AppData\Local\Microsoft\WindowsApps;C:\Users\Wodin\Downloads\DevKit\local\bin;C:\Users\Wodin\AppData\Local\Microsoft\WindowsApps;;C:\Users\Wodin\AppData\Local\Programs\Microsoft VS Code\bin;C:\Users\Wodin\AppData\Roaming\npm

Yarn version: 
  1.12.3

Node version: 
  10.13.0

Platform: 
  win32 x64

Trace: 
  Error: https://registry.yarnpkg.com/@babe%2fpreset-react: Not found
      at Request.params.callback [as _callback] (C:\Users\Wodin\AppData\Roaming\npm\node_modules\yarn\lib\cli.js:65894:18)
      at Request.self.callback (C:\Users\Wodin\AppData\Roaming\npm\node_modules\yarn\lib\cli.js:129018:22)
      at Request.emit (events.js:182:13)
      at Request.<anonymous> (C:\Users\Wodin\AppData\Roaming\npm\node_modules\yarn\lib\cli.js:129990:10)
      at Request.emit (events.js:182:13)
      at IncomingMessage.<anonymous> (C:\Users\Wodin\AppData\Roaming\npm\node_modules\yarn\lib\cli.js:129912:12)
      at Object.onceWrapper (events.js:273:13)
      at IncomingMessage.emit (events.js:187:15)
      at endReadableNT (_stream_readable.js:1094:12)
      at process._tickCallback (internal/process/next_tick.js:63:19)

npm manifest: 
  {
    "name": "scratch",
    "version": "1.0.0",
    "description": "a react app from scratch",
    "main": "index.js",
    "scripts": {
      "test": "echo \"Error: no test specified\" && exit 1"
    },
    "author": "dhagman",
    "license": "MIT"
  }

yarn manifest: 
  No manifest

Lockfile: 
  No lockfile
